This file contains any messages produced by compilers while
running configure, to aid debugging if configure makes a mistake.

It was created by ChESS configure 1.0, which was
generated by GNU Autoconf 2.69.  Invocation command line was

  $ ./configure 

## --------- ##
## Platform. ##
## --------- ##

hostname = Grants-MacBook-Pro.local
uname -m = x86_64
uname -r = 13.0.0
uname -s = Darwin
uname -v = Darwin Kernel Version 13.0.0: Thu Sep 19 22:22:27 PDT 2013; root:xnu-2422.1.72~6/RELEASE_X86_64

/usr/bin/uname -p = i386
/bin/uname -X     = unknown

/bin/arch              = unknown
/usr/bin/arch -k       = unknown
/usr/convex/getsysinfo = unknown
/usr/bin/hostinfo      = Mach kernel version:
	 Darwin Kernel Version 13.0.0: Thu Sep 19 22:22:27 PDT 2013; root:xnu-2422.1.72~6/RELEASE_X86_64
Kernel configured for up to 4 processors.
2 processors are physically available.
4 processors are logically available.
Processor type: i486 (Intel 80486)
Processors active: 0 1 2 3
Primary memory available: 8.00 gigabytes
Default processor set: 195 tasks, 1130 threads, 4 processors
Load average: 1.37, Mach factor: 2.61
/bin/machine           = unknown
/usr/bin/oslevel       = unknown
/bin/universe          = unknown

PATH: /usr/local/heroku/bin
PATH: /usr/local/bin
PATH: /usr/local/sbin
PATH: /Users/grantwarman/bin
PATH: /Users/grantwarman/.rvm/gems/jruby-1.7.3/bin
PATH: /Users/grantwarman/.rvm/gems/jruby-1.7.3@global/bin
PATH: /Users/grantwarman/.rvm/rubies/jruby-1.7.3/bin
PATH: /Users/grantwarman/.rvm/bin
PATH: /usr/bin
PATH: /bin
PATH: /usr/sbin
PATH: /sbin
PATH: /usr/local/bin
PATH: /opt/X11/bin
PATH: /usr/texbin
PATH: /Users/grantwarman/.rvm/gems/ruby-2.0.0-p0/bin
PATH: /Users/grantwarman/.rvm/gems/ruby-2.0.0-p0@global/bin
PATH: /Users/grantwarman/.rvm/rubies/ruby-2.0.0-p0/bin
PATH: /Users/grantwarman/.rvm/bin
PATH: /Users/grantwarman/android-sdks/adt-bundle-mac-x86_64-20130219/sdk/tools
PATH: /Users/grantwarman/android-sdks/adt-bundle-mac-x86_64-20130219/sdk/platform-tools
PATH: /Users/grantwarman/.rvm/bin
PATH: /usr/local/share/npm/bin


## ----------- ##
## Core tests. ##
## ----------- ##

configure:2428: checking for a BSD-compatible install
configure:2496: result: /usr/bin/install -c
configure:2507: checking whether build environment is sane
configure:2562: result: yes
configure:2713: checking for a thread-safe mkdir -p
configure:2752: result: ./install-sh -c -d
configure:2759: checking for gawk
configure:2775: found /usr/local/bin/gawk
configure:2786: result: gawk
configure:2797: checking whether make sets $(MAKE)
configure:2819: result: yes
configure:2848: checking whether make supports nested variables
configure:2865: result: yes
configure:2961: checking whether make supports nested variables
configure:2978: result: yes
configure:3048: checking for gcc
configure:3064: found /usr/bin/gcc
configure:3075: result: gcc
configure:3304: checking for C compiler version
configure:3313: gcc --version >&5
Apple LLVM version 5.0 (clang-500.1.58) (based on LLVM 3.3svn)
Target: x86_64-apple-darwin13.0.0
Thread model: posix
Configured with: --prefix=/Applications/Xcode5-DP.app/Contents/Developer/usr --with-gxx-include-dir=/Applications/Xcode5-DP.app/Contents/Developer/Platforms/MacOSX.platform/Developer/SDKs/MacOSX10.9.sdk/usr/include/c++/4.2.1
configure:3324: $? = 0
configure:3313: gcc -v >&5
Configured with: --prefix=/Applications/Xcode5-DP.app/Contents/Developer/usr --with-gxx-include-dir=/Applications/Xcode5-DP.app/Contents/Developer/Platforms/MacOSX.platform/Developer/SDKs/MacOSX10.9.sdk/usr/include/c++/4.2.1
Apple LLVM version 5.0 (clang-500.1.58) (based on LLVM 3.3svn)
Target: x86_64-apple-darwin13.0.0
Thread model: posix
configure:3324: $? = 0
configure:3313: gcc -V >&5
clang: error: argument to '-V' is missing (expected 1 value)
clang: error: no input files
configure:3324: $? = 1
configure:3313: gcc -qversion >&5
clang: error: no input files
configure:3324: $? = 1
configure:3344: checking whether the C compiler works
configure:3366: gcc    conftest.c  >&5
configure:3370: $? = 0
configure:3418: result: yes
configure:3421: checking for C compiler default output file name
configure:3423: result: a.out
configure:3429: checking for suffix of executables
configure:3436: gcc -o conftest    conftest.c  >&5
configure:3440: $? = 0
configure:3462: result: 
configure:3484: checking whether we are cross compiling
configure:3492: gcc -o conftest    conftest.c  >&5
configure:3496: $? = 0
configure:3503: ./conftest
configure:3507: $? = 0
configure:3522: result: no
configure:3527: checking for suffix of object files
configure:3549: gcc -c   conftest.c >&5
configure:3553: $? = 0
configure:3574: result: o
configure:3578: checking whether we are using the GNU C compiler
configure:3597: gcc -c   conftest.c >&5
configure:3597: $? = 0
configure:3606: result: yes
configure:3615: checking whether gcc accepts -g
configure:3635: gcc -c -g  conftest.c >&5
configure:3635: $? = 0
configure:3676: result: yes
configure:3693: checking for gcc option to accept ISO C89
configure:3756: gcc  -c -g -O2  conftest.c >&5
configure:3756: $? = 0
configure:3769: result: none needed
configure:3800: checking for style of include used by make
configure:3828: result: GNU
configure:3854: checking dependency style of gcc
configure:3965: result: gcc3
configure:3981: checking for gcc option to accept ISO C99
configure:4130: gcc  -c   conftest.c >&5
configure:4130: $? = 0
configure:4143: result: none needed
configure:4216: checking for g++
configure:4232: found /usr/bin/g++
configure:4243: result: g++
configure:4270: checking for C++ compiler version
configure:4279: g++ --version >&5
Apple LLVM version 5.0 (clang-500.1.58) (based on LLVM 3.3svn)
Target: x86_64-apple-darwin13.0.0
Thread model: posix
Configured with: --prefix=/Applications/Xcode5-DP.app/Contents/Developer/usr --with-gxx-include-dir=/Applications/Xcode5-DP.app/Contents/Developer/Platforms/MacOSX.platform/Developer/SDKs/MacOSX10.9.sdk/usr/include/c++/4.2.1
configure:4290: $? = 0
configure:4279: g++ -v >&5
Configured with: --prefix=/Applications/Xcode5-DP.app/Contents/Developer/usr --with-gxx-include-dir=/Applications/Xcode5-DP.app/Contents/Developer/Platforms/MacOSX.platform/Developer/SDKs/MacOSX10.9.sdk/usr/include/c++/4.2.1
Apple LLVM version 5.0 (clang-500.1.58) (based on LLVM 3.3svn)
Target: x86_64-apple-darwin13.0.0
Thread model: posix
configure:4290: $? = 0
configure:4279: g++ -V >&5
clang: error: argument to '-V' is missing (expected 1 value)
clang: error: no input files
configure:4290: $? = 1
configure:4279: g++ -qversion >&5
clang: error: no input files
configure:4290: $? = 1
configure:4294: checking whether we are using the GNU C++ compiler
configure:4313: g++ -c   conftest.cpp >&5
configure:4313: $? = 0
configure:4322: result: yes
configure:4331: checking whether g++ accepts -g
configure:4351: g++ -c -g  conftest.cpp >&5
configure:4351: $? = 0
configure:4392: result: yes
configure:4417: checking dependency style of g++
configure:4528: result: gcc3
configure:4575: checking how to run the C preprocessor
configure:4606: gcc -E  conftest.c
configure:4606: $? = 0
configure:4620: gcc -E  conftest.c
conftest.c:11:10: fatal error: 'ac_nonexistent.h' file not found
#include <ac_nonexistent.h>
         ^
1 error generated.
configure:4620: $? = 1
configure: failed program was:
| /* confdefs.h */
| #define PACKAGE_NAME "ChESS"
| #define PACKAGE_TARNAME "chess"
| #define PACKAGE_VERSION "1.0"
| #define PACKAGE_STRING "ChESS 1.0"
| #define PACKAGE_BUGREPORT "sb476@cam.ac.uk"
| #define PACKAGE_URL ""
| #define PACKAGE "chess"
| #define VERSION "1.0"
| /* end confdefs.h.  */
| #include <ac_nonexistent.h>
configure:4645: result: gcc -E
configure:4665: gcc -E  conftest.c
configure:4665: $? = 0
configure:4679: gcc -E  conftest.c
conftest.c:11:10: fatal error: 'ac_nonexistent.h' file not found
#include <ac_nonexistent.h>
         ^
1 error generated.
configure:4679: $? = 1
configure: failed program was:
| /* confdefs.h */
| #define PACKAGE_NAME "ChESS"
| #define PACKAGE_TARNAME "chess"
| #define PACKAGE_VERSION "1.0"
| #define PACKAGE_STRING "ChESS 1.0"
| #define PACKAGE_BUGREPORT "sb476@cam.ac.uk"
| #define PACKAGE_URL ""
| #define PACKAGE "chess"
| #define VERSION "1.0"
| /* end confdefs.h.  */
| #include <ac_nonexistent.h>
configure:4708: checking for grep that handles long lines and -e
configure:4766: result: /usr/bin/grep
configure:4771: checking for egrep
configure:4833: result: /usr/bin/grep -E
configure:4838: checking for ANSI C header files
configure:4858: gcc -c   conftest.c >&5
configure:4858: $? = 0
configure:4931: gcc -o conftest    conftest.c  >&5
configure:4931: $? = 0
configure:4931: ./conftest
configure:4931: $? = 0
configure:4942: result: yes
configure:4955: checking for sys/types.h
configure:4955: gcc -c   conftest.c >&5
configure:4955: $? = 0
configure:4955: result: yes
configure:4955: checking for sys/stat.h
configure:4955: gcc -c   conftest.c >&5
configure:4955: $? = 0
configure:4955: result: yes
configure:4955: checking for stdlib.h
configure:4955: gcc -c   conftest.c >&5
configure:4955: $? = 0
configure:4955: result: yes
configure:4955: checking for string.h
configure:4955: gcc -c   conftest.c >&5
configure:4955: $? = 0
configure:4955: result: yes
configure:4955: checking for memory.h
configure:4955: gcc -c   conftest.c >&5
configure:4955: $? = 0
configure:4955: result: yes
configure:4955: checking for strings.h
configure:4955: gcc -c   conftest.c >&5
configure:4955: $? = 0
configure:4955: result: yes
configure:4955: checking for inttypes.h
configure:4955: gcc -c   conftest.c >&5
configure:4955: $? = 0
configure:4955: result: yes
configure:4955: checking for stdint.h
configure:4955: gcc -c   conftest.c >&5
configure:4955: $? = 0
configure:4955: result: yes
configure:4955: checking for unistd.h
configure:4955: gcc -c   conftest.c >&5
configure:4955: $? = 0
configure:4955: result: yes
configure:4970: checking stddef.h usability
configure:4970: gcc -c   conftest.c >&5
configure:4970: $? = 0
configure:4970: result: yes
configure:4970: checking stddef.h presence
configure:4970: gcc -E  conftest.c
configure:4970: $? = 0
configure:4970: result: yes
configure:4970: checking for stddef.h
configure:4970: result: yes
configure:4970: checking for stdint.h
configure:4970: result: yes
configure:4970: checking for stdlib.h
configure:4970: result: yes
configure:4970: checking for string.h
configure:4970: result: yes
configure:4982: checking for stdbool.h that conforms to C99
configure:5049: gcc -c   conftest.c >&5
configure:5049: $? = 0
configure:5056: result: yes
configure:5058: checking for _Bool
configure:5058: gcc -c   conftest.c >&5
configure:5058: $? = 0
configure:5058: gcc -c   conftest.c >&5
conftest.c:61:20: error: expected expression
if (sizeof ((_Bool)))
                   ^
1 error generated.
configure:5058: $? = 1
configure: failed program was:
| /* confdefs.h */
| #define PACKAGE_NAME "ChESS"
| #define PACKAGE_TARNAME "chess"
| #define PACKAGE_VERSION "1.0"
| #define PACKAGE_STRING "ChESS 1.0"
| #define PACKAGE_BUGREPORT "sb476@cam.ac.uk"
| #define PACKAGE_URL ""
| #define PACKAGE "chess"
| #define VERSION "1.0"
| #define STDC_HEADERS 1
| #define HAVE_SYS_TYPES_H 1
| #define HAVE_SYS_STAT_H 1
| #define HAVE_STDLIB_H 1
| #define HAVE_STRING_H 1
| #define HAVE_MEMORY_H 1
| #define HAVE_STRINGS_H 1
| #define HAVE_INTTYPES_H 1
| #define HAVE_STDINT_H 1
| #define HAVE_UNISTD_H 1
| #define HAVE_STDDEF_H 1
| #define HAVE_STDINT_H 1
| #define HAVE_STDLIB_H 1
| #define HAVE_STRING_H 1
| /* end confdefs.h.  */
| #include <stdio.h>
| #ifdef HAVE_SYS_TYPES_H
| # include <sys/types.h>
| #endif
| #ifdef HAVE_SYS_STAT_H
| # include <sys/stat.h>
| #endif
| #ifdef STDC_HEADERS
| # include <stdlib.h>
| # include <stddef.h>
| #else
| # ifdef HAVE_STDLIB_H
| #  include <stdlib.h>
| # endif
| #endif
| #ifdef HAVE_STRING_H
| # if !defined STDC_HEADERS && defined HAVE_MEMORY_H
| #  include <memory.h>
| # endif
| # include <string.h>
| #endif
| #ifdef HAVE_STRINGS_H
| # include <strings.h>
| #endif
| #ifdef HAVE_INTTYPES_H
| # include <inttypes.h>
| #endif
| #ifdef HAVE_STDINT_H
| # include <stdint.h>
| #endif
| #ifdef HAVE_UNISTD_H
| # include <unistd.h>
| #endif
| int
| main ()
| {
| if (sizeof ((_Bool)))
| 	    return 0;
|   ;
|   return 0;
| }
configure:5058: result: yes
configure:5075: checking for inline
configure:5091: gcc -c   conftest.c >&5
configure:5091: $? = 0
configure:5099: result: inline
configure:5117: checking for int16_t
configure:5117: gcc -c   conftest.c >&5
configure:5117: $? = 0
configure:5117: gcc -c   conftest.c >&5
conftest.c:64:24: error: 'test_array' declared as an array with a negative size
static int test_array [1 - 2 * !((int16_t) (((((int16_t) 1 << N) << N) - 1) * 2 + 1)
                       ^~~~~~~~~~~~~~~~~~~~~~~~~~~~~~~~~~~~~~~~~~~~~~~~~~~~~~~~~~~~~
1 error generated.
configure:5117: $? = 1
configure: failed program was:
| /* confdefs.h */
| #define PACKAGE_NAME "ChESS"
| #define PACKAGE_TARNAME "chess"
| #define PACKAGE_VERSION "1.0"
| #define PACKAGE_STRING "ChESS 1.0"
| #define PACKAGE_BUGREPORT "sb476@cam.ac.uk"
| #define PACKAGE_URL ""
| #define PACKAGE "chess"
| #define VERSION "1.0"
| #define STDC_HEADERS 1
| #define HAVE_SYS_TYPES_H 1
| #define HAVE_SYS_STAT_H 1
| #define HAVE_STDLIB_H 1
| #define HAVE_STRING_H 1
| #define HAVE_MEMORY_H 1
| #define HAVE_STRINGS_H 1
| #define HAVE_INTTYPES_H 1
| #define HAVE_STDINT_H 1
| #define HAVE_UNISTD_H 1
| #define HAVE_STDDEF_H 1
| #define HAVE_STDINT_H 1
| #define HAVE_STDLIB_H 1
| #define HAVE_STRING_H 1
| #define HAVE__BOOL 1
| #define HAVE_STDBOOL_H 1
| /* end confdefs.h.  */
| #include <stdio.h>
| #ifdef HAVE_SYS_TYPES_H
| # include <sys/types.h>
| #endif
| #ifdef HAVE_SYS_STAT_H
| # include <sys/stat.h>
| #endif
| #ifdef STDC_HEADERS
| # include <stdlib.h>
| # include <stddef.h>
| #else
| # ifdef HAVE_STDLIB_H
| #  include <stdlib.h>
| # endif
| #endif
| #ifdef HAVE_STRING_H
| # if !defined STDC_HEADERS && defined HAVE_MEMORY_H
| #  include <memory.h>
| # endif
| # include <string.h>
| #endif
| #ifdef HAVE_STRINGS_H
| # include <strings.h>
| #endif
| #ifdef HAVE_INTTYPES_H
| # include <inttypes.h>
| #endif
| #ifdef HAVE_STDINT_H
| # include <stdint.h>
| #endif
| #ifdef HAVE_UNISTD_H
| # include <unistd.h>
| #endif
| 	        enum { N = 16 / 2 - 1 };
| int
| main ()
| {
| static int test_array [1 - 2 * !((int16_t) (((((int16_t) 1 << N) << N) - 1) * 2 + 1)
| 		 < (int16_t) (((((int16_t) 1 << N) << N) - 1) * 2 + 2))];
| test_array [0] = 0;
| return test_array [0];
| 
|   ;
|   return 0;
| }
configure:5117: result: yes
configure:5128: checking for off_t
configure:5128: gcc -c   conftest.c >&5
configure:5128: $? = 0
configure:5128: gcc -c   conftest.c >&5
conftest.c:63:20: error: expected expression
if (sizeof ((off_t)))
                   ^
1 error generated.
configure:5128: $? = 1
configure: failed program was:
| /* confdefs.h */
| #define PACKAGE_NAME "ChESS"
| #define PACKAGE_TARNAME "chess"
| #define PACKAGE_VERSION "1.0"
| #define PACKAGE_STRING "ChESS 1.0"
| #define PACKAGE_BUGREPORT "sb476@cam.ac.uk"
| #define PACKAGE_URL ""
| #define PACKAGE "chess"
| #define VERSION "1.0"
| #define STDC_HEADERS 1
| #define HAVE_SYS_TYPES_H 1
| #define HAVE_SYS_STAT_H 1
| #define HAVE_STDLIB_H 1
| #define HAVE_STRING_H 1
| #define HAVE_MEMORY_H 1
| #define HAVE_STRINGS_H 1
| #define HAVE_INTTYPES_H 1
| #define HAVE_STDINT_H 1
| #define HAVE_UNISTD_H 1
| #define HAVE_STDDEF_H 1
| #define HAVE_STDINT_H 1
| #define HAVE_STDLIB_H 1
| #define HAVE_STRING_H 1
| #define HAVE__BOOL 1
| #define HAVE_STDBOOL_H 1
| /* end confdefs.h.  */
| #include <stdio.h>
| #ifdef HAVE_SYS_TYPES_H
| # include <sys/types.h>
| #endif
| #ifdef HAVE_SYS_STAT_H
| # include <sys/stat.h>
| #endif
| #ifdef STDC_HEADERS
| # include <stdlib.h>
| # include <stddef.h>
| #else
| # ifdef HAVE_STDLIB_H
| #  include <stdlib.h>
| # endif
| #endif
| #ifdef HAVE_STRING_H
| # if !defined STDC_HEADERS && defined HAVE_MEMORY_H
| #  include <memory.h>
| # endif
| # include <string.h>
| #endif
| #ifdef HAVE_STRINGS_H
| # include <strings.h>
| #endif
| #ifdef HAVE_INTTYPES_H
| # include <inttypes.h>
| #endif
| #ifdef HAVE_STDINT_H
| # include <stdint.h>
| #endif
| #ifdef HAVE_UNISTD_H
| # include <unistd.h>
| #endif
| int
| main ()
| {
| if (sizeof ((off_t)))
| 	    return 0;
|   ;
|   return 0;
| }
configure:5128: result: yes
configure:5139: checking for size_t
configure:5139: gcc -c   conftest.c >&5
configure:5139: $? = 0
configure:5139: gcc -c   conftest.c >&5
conftest.c:63:21: error: expected expression
if (sizeof ((size_t)))
                    ^
1 error generated.
configure:5139: $? = 1
configure: failed program was:
| /* confdefs.h */
| #define PACKAGE_NAME "ChESS"
| #define PACKAGE_TARNAME "chess"
| #define PACKAGE_VERSION "1.0"
| #define PACKAGE_STRING "ChESS 1.0"
| #define PACKAGE_BUGREPORT "sb476@cam.ac.uk"
| #define PACKAGE_URL ""
| #define PACKAGE "chess"
| #define VERSION "1.0"
| #define STDC_HEADERS 1
| #define HAVE_SYS_TYPES_H 1
| #define HAVE_SYS_STAT_H 1
| #define HAVE_STDLIB_H 1
| #define HAVE_STRING_H 1
| #define HAVE_MEMORY_H 1
| #define HAVE_STRINGS_H 1
| #define HAVE_INTTYPES_H 1
| #define HAVE_STDINT_H 1
| #define HAVE_UNISTD_H 1
| #define HAVE_STDDEF_H 1
| #define HAVE_STDINT_H 1
| #define HAVE_STDLIB_H 1
| #define HAVE_STRING_H 1
| #define HAVE__BOOL 1
| #define HAVE_STDBOOL_H 1
| /* end confdefs.h.  */
| #include <stdio.h>
| #ifdef HAVE_SYS_TYPES_H
| # include <sys/types.h>
| #endif
| #ifdef HAVE_SYS_STAT_H
| # include <sys/stat.h>
| #endif
| #ifdef STDC_HEADERS
| # include <stdlib.h>
| # include <stddef.h>
| #else
| # ifdef HAVE_STDLIB_H
| #  include <stdlib.h>
| # endif
| #endif
| #ifdef HAVE_STRING_H
| # if !defined STDC_HEADERS && defined HAVE_MEMORY_H
| #  include <memory.h>
| # endif
| # include <string.h>
| #endif
| #ifdef HAVE_STRINGS_H
| # include <strings.h>
| #endif
| #ifdef HAVE_INTTYPES_H
| # include <inttypes.h>
| #endif
| #ifdef HAVE_STDINT_H
| # include <stdint.h>
| #endif
| #ifdef HAVE_UNISTD_H
| # include <unistd.h>
| #endif
| int
| main ()
| {
| if (sizeof ((size_t)))
| 	    return 0;
|   ;
|   return 0;
| }
configure:5139: result: yes
configure:5150: checking for uint16_t
configure:5150: gcc -c   conftest.c >&5
configure:5150: $? = 0
configure:5150: result: yes
configure:5162: checking for uint32_t
configure:5162: gcc -c   conftest.c >&5
configure:5162: $? = 0
configure:5162: result: yes
configure:5176: checking for uint64_t
configure:5176: gcc -c   conftest.c >&5
configure:5176: $? = 0
configure:5176: result: yes
configure:5190: checking for uint8_t
configure:5190: gcc -c   conftest.c >&5
configure:5190: $? = 0
configure:5190: result: yes
configure:5206: checking for SSE4.1 support (PMOVZXBW)
configure:5229: gcc -o conftest  -march=native -msse4.1   conftest.c  >&5
configure:5229: $? = 0
configure:5229: ./conftest
configure:5229: $? = 0
configure:5248: result: yes
configure:5254: checking for stdlib.h
configure:5254: result: yes
configure:5264: checking for GNU libc compatible malloc
configure:5288: gcc -o conftest    conftest.c  >&5
configure:5288: $? = 0
configure:5288: ./conftest
configure:5288: $? = 0
configure:5298: result: yes
configure:5321: checking for memset
configure:5321: gcc -o conftest    conftest.c  >&5
conftest.c:53:6: warning: incompatible redeclaration of library function 'memset' [-Wincompatible-library-redeclaration]
char memset ();
     ^
conftest.c:53:6: note: 'memset' is a builtin with type 'void *(void *, int, unsigned long)'
1 warning generated.
configure:5321: $? = 0
configure:5321: result: yes
configure:5440: checking that generated files are newer than configure
configure:5446: result: done
configure:5477: creating ./config.status

## ---------------------- ##
## Running config.status. ##
## ---------------------- ##

This file was extended by ChESS config.status 1.0, which was
generated by GNU Autoconf 2.69.  Invocation command line was

  CONFIG_FILES    = 
  CONFIG_HEADERS  = 
  CONFIG_LINKS    = 
  CONFIG_COMMANDS = 
  $ ./config.status 

on Grants-MacBook-Pro.local

config.status:873: creating Makefile
config.status:873: creating config.h
config.status:1054: config.h is unchanged
config.status:1102: executing depfiles commands

## ---------------- ##
## Cache variables. ##
## ---------------- ##

ac_cv_c_compiler_gnu=yes
ac_cv_c_inline=inline
ac_cv_c_int16_t=yes
ac_cv_c_uint16_t=yes
ac_cv_c_uint32_t=yes
ac_cv_c_uint64_t=yes
ac_cv_c_uint8_t=yes
ac_cv_cxx_compiler_gnu=yes
ac_cv_env_CCC_set=
ac_cv_env_CCC_value=
ac_cv_env_CC_set=
ac_cv_env_CC_value=
ac_cv_env_CFLAGS_set=
ac_cv_env_CFLAGS_value=
ac_cv_env_CPPFLAGS_set=
ac_cv_env_CPPFLAGS_value=
ac_cv_env_CPP_set=
ac_cv_env_CPP_value=
ac_cv_env_CXXFLAGS_set=
ac_cv_env_CXXFLAGS_value=
ac_cv_env_CXX_set=
ac_cv_env_CXX_value=
ac_cv_env_LDFLAGS_set=
ac_cv_env_LDFLAGS_value=
ac_cv_env_LIBS_set=
ac_cv_env_LIBS_value=
ac_cv_env_build_alias_set=
ac_cv_env_build_alias_value=
ac_cv_env_host_alias_set=
ac_cv_env_host_alias_value=
ac_cv_env_target_alias_set=
ac_cv_env_target_alias_value=
ac_cv_func_malloc_0_nonnull=yes
ac_cv_func_memset=yes
ac_cv_header_inttypes_h=yes
ac_cv_header_memory_h=yes
ac_cv_header_stdbool_h=yes
ac_cv_header_stdc=yes
ac_cv_header_stddef_h=yes
ac_cv_header_stdint_h=yes
ac_cv_header_stdlib_h=yes
ac_cv_header_string_h=yes
ac_cv_header_strings_h=yes
ac_cv_header_sys_stat_h=yes
ac_cv_header_sys_types_h=yes
ac_cv_header_unistd_h=yes
ac_cv_objext=o
ac_cv_path_EGREP='/usr/bin/grep -E'
ac_cv_path_GREP=/usr/bin/grep
ac_cv_path_install='/usr/bin/install -c'
ac_cv_prog_AWK=gawk
ac_cv_prog_CPP='gcc -E'
ac_cv_prog_ac_ct_CC=gcc
ac_cv_prog_ac_ct_CXX=g++
ac_cv_prog_cc_c89=
ac_cv_prog_cc_c99=
ac_cv_prog_cc_g=yes
ac_cv_prog_cxx_g=yes
ac_cv_prog_make_make_set=yes
ac_cv_type__Bool=yes
ac_cv_type_off_t=yes
ac_cv_type_size_t=yes
am_cv_CC_dependencies_compiler_type=gcc3
am_cv_CXX_dependencies_compiler_type=gcc3
am_cv_make_support_nested_variables=yes

## ----------------- ##
## Output variables. ##
## ----------------- ##

ACLOCAL='${SHELL} /Users/grantwarman/Documents/chess_ocr/ChESS/missing aclocal-1.13'
AMDEPBACKSLASH='\'
AMDEP_FALSE='#'
AMDEP_TRUE=''
AMTAR='$${TAR-tar}'
AM_BACKSLASH='\'
AM_DEFAULT_V='$(AM_DEFAULT_VERBOSITY)'
AM_DEFAULT_VERBOSITY='0'
AM_V='$(V)'
AUTOCONF='${SHELL} /Users/grantwarman/Documents/chess_ocr/ChESS/missing autoconf'
AUTOHEADER='${SHELL} /Users/grantwarman/Documents/chess_ocr/ChESS/missing autoheader'
AUTOMAKE='${SHELL} /Users/grantwarman/Documents/chess_ocr/ChESS/missing automake-1.13'
AWK='gawk'
CC='gcc'
CCDEPMODE='depmode=gcc3'
CFLAGS=''
CPP='gcc -E'
CPPFLAGS=''
CXX='g++'
CXXDEPMODE='depmode=gcc3'
CXXFLAGS='-g -O2'
CYGPATH_W='echo'
DEBUG_FALSE=''
DEBUG_TRUE='#'
DEFS='-DHAVE_CONFIG_H'
DEPDIR='.deps'
ECHO_C='\c'
ECHO_N=''
ECHO_T=''
EGREP='/usr/bin/grep -E'
EXEEXT=''
GMAKE_ENDIF='endif'
GMAKE_IFNEQ='ifneq'
GMAKE_INCLUDE='include'
GREP='/usr/bin/grep'
INSTALL_DATA='${INSTALL} -m 644'
INSTALL_PROGRAM='${INSTALL}'
INSTALL_SCRIPT='${INSTALL}'
INSTALL_STRIP_PROGRAM='$(install_sh) -c -s'
LDFLAGS=''
LIBOBJS=''
LIBS=''
LTLIBOBJS=''
MAKEINFO='${SHELL} /Users/grantwarman/Documents/chess_ocr/ChESS/missing makeinfo'
MKDIR_P='./install-sh -c -d'
OBJEXT='o'
PACKAGE='chess'
PACKAGE_BUGREPORT='sb476@cam.ac.uk'
PACKAGE_NAME='ChESS'
PACKAGE_STRING='ChESS 1.0'
PACKAGE_TARNAME='chess'
PACKAGE_URL=''
PACKAGE_VERSION='1.0'
PATH_SEPARATOR=':'
SET_MAKE=''
SHELL='/bin/sh'
STRIP=''
VERSION='1.0'
ac_ct_CC='gcc'
ac_ct_CXX='g++'
am__EXEEXT_FALSE=''
am__EXEEXT_TRUE='#'
am__fastdepCC_FALSE='#'
am__fastdepCC_TRUE=''
am__fastdepCXX_FALSE='#'
am__fastdepCXX_TRUE=''
am__include='include'
am__isrc=''
am__leading_dot='.'
am__nodep='_no'
am__quote=''
am__tar='$${TAR-tar} chof - "$$tardir"'
am__untar='$${TAR-tar} xf -'
bindir='${exec_prefix}/bin'
build_alias=''
datadir='${datarootdir}'
datarootdir='${prefix}/share'
docdir='${datarootdir}/doc/${PACKAGE_TARNAME}'
dvidir='${docdir}'
exec_prefix='${prefix}'
host_alias=''
htmldir='${docdir}'
includedir='${prefix}/include'
infodir='${datarootdir}/info'
install_sh='${SHELL} /Users/grantwarman/Documents/chess_ocr/ChESS/install-sh'
libdir='${exec_prefix}/lib'
libexecdir='${exec_prefix}/libexec'
localedir='${datarootdir}/locale'
localstatedir='${prefix}/var'
mandir='${datarootdir}/man'
mkdir_p='$(MKDIR_P)'
oldincludedir='/usr/include'
pdfdir='${docdir}'
prefix='/usr/local'
program_transform_name='s,x,x,'
psdir='${docdir}'
sbindir='${exec_prefix}/sbin'
sharedstatedir='${prefix}/com'
sysconfdir='${prefix}/etc'
target_alias=''

## ----------- ##
## confdefs.h. ##
## ----------- ##

/* confdefs.h */
#define PACKAGE_NAME "ChESS"
#define PACKAGE_TARNAME "chess"
#define PACKAGE_VERSION "1.0"
#define PACKAGE_STRING "ChESS 1.0"
#define PACKAGE_BUGREPORT "sb476@cam.ac.uk"
#define PACKAGE_URL ""
#define PACKAGE "chess"
#define VERSION "1.0"
#define STDC_HEADERS 1
#define HAVE_SYS_TYPES_H 1
#define HAVE_SYS_STAT_H 1
#define HAVE_STDLIB_H 1
#define HAVE_STRING_H 1
#define HAVE_MEMORY_H 1
#define HAVE_STRINGS_H 1
#define HAVE_INTTYPES_H 1
#define HAVE_STDINT_H 1
#define HAVE_UNISTD_H 1
#define HAVE_STDDEF_H 1
#define HAVE_STDINT_H 1
#define HAVE_STDLIB_H 1
#define HAVE_STRING_H 1
#define HAVE__BOOL 1
#define HAVE_STDBOOL_H 1
#define HAVE_PMOVZXBW 1
#define HAVE_STDLIB_H 1
#define HAVE_MALLOC 1
#define HAVE_MEMSET 1

configure: exit 0
